2023-04-20 11:34:46,616 [Worker-2: Loading available Gradle versions] INFO  o.e.b.c.i.u.g.PublishedGradleVersions - Gradle version information cache is up-to-date. Trying to read.
2023-04-20 11:35:01,736 [Worker-8: Updating Maven Dependencies] INFO  o.e.m.c.i.l.LifecycleMappingFactory - Using org.eclipse.m2e.jdt.JarLifecycleMapping lifecycle mapping for MavenProject: com.einfochips:SMSService:0.0.1-SNAPSHOT @ C:\Users\158151\OneDrive - Arrow Electronics, Inc\Desktop\Final Project\Backend\SMS Service\SMSService\pom.xml.
2023-04-20 11:35:02,205 [Worker-2: Building] INFO  o.e.m.c.i.l.LifecycleMappingFactory - Using org.eclipse.m2e.jdt.JarLifecycleMapping lifecycle mapping for MavenProject: com.einfochips:SMSService:0.0.1-SNAPSHOT @ C:\Users\158151\OneDrive - Arrow Electronics, Inc\Desktop\Final Project\Backend\SMS Service\SMSService\pom.xml.
2023-04-20 11:35:05,162 [Worker-2: Building] INFO  o.a.m.s.f.DefaultMavenResourcesFiltering - Copying 1 resource
2023-04-20 11:35:05,262 [Worker-2: Building] INFO  o.a.m.s.f.DefaultMavenResourcesFiltering - Copying 0 resource
2023-04-20 11:35:05,270 [Worker-2: Building] INFO  o.a.m.s.f.DefaultMavenResourcesFiltering - skip non existing resourceDirectory C:\Users\158151\OneDrive - Arrow Electronics, Inc\Desktop\Final Project\Backend\SMS Service\SMSService\src\test\resources
2023-04-20 11:35:06,049 [Worker-5: Building] INFO  o.a.m.s.f.DefaultMavenResourcesFiltering - Copying 1 resource
2023-04-20 11:35:06,059 [Worker-5: Building] INFO  o.a.m.s.f.DefaultMavenResourcesFiltering - Copying 0 resource
2023-04-20 11:35:06,072 [Worker-5: Building] INFO  o.a.m.s.f.DefaultMavenResourcesFiltering - skip non existing resourceDirectory C:\Users\158151\OneDrive - Arrow Electronics, Inc\Desktop\Final Project\Backend\SMS Service\SMSService\src\test\resources
2023-04-20 11:35:07,400 [Worker-3: Updating Maven Dependencies] INFO  o.e.m.c.i.l.LifecycleMappingFactory - Using org.eclipse.m2e.jdt.JarLifecycleMapping lifecycle mapping for MavenProject: com.einfochips:SMSService:0.0.1-SNAPSHOT @ C:\Users\158151\OneDrive - Arrow Electronics, Inc\Desktop\Final Project\Backend\SMS Service\SMSService\pom.xml.
2023-04-20 11:35:09,644 [Worker-10: Building] INFO  o.a.m.s.f.DefaultMavenResourcesFiltering - Copying 0 resource
2023-04-20 11:35:09,644 [Worker-10: Building] INFO  o.a.m.s.f.DefaultMavenResourcesFiltering - Copying 0 resource
2023-04-20 11:35:09,650 [Worker-10: Building] INFO  o.a.m.s.f.DefaultMavenResourcesFiltering - skip non existing resourceDirectory C:\Users\158151\OneDrive - Arrow Electronics, Inc\Desktop\Final Project\Backend\SMS Service\SMSService\src\test\resources
2023-04-20 17:15:57,863 [Worker-3: Loading available Gradle versions] INFO  o.e.b.c.i.u.g.PublishedGradleVersions - Gradle version information cache is up-to-date. Trying to read.
2023-04-20 17:39:14,229 [Worker-17: Building] INFO  o.a.m.s.f.DefaultMavenResourcesFiltering - Copying 1 resource
2023-04-20 17:39:14,260 [Worker-17: Building] INFO  o.a.m.s.f.DefaultMavenResourcesFiltering - Copying 0 resource
2023-04-20 17:39:14,266 [Worker-17: Building] INFO  o.a.m.s.f.DefaultMavenResourcesFiltering - skip non existing resourceDirectory C:\Users\158151\OneDrive - Arrow Electronics, Inc\Desktop\Final Project\Backend\SMS Service\SMSService\src\test\resources
2023-04-20 18:18:05,631 [Worker-25: Building] INFO  o.a.m.s.f.DefaultMavenResourcesFiltering - Copying 1 resource
2023-04-20 18:18:05,645 [Worker-25: Building] INFO  o.a.m.s.f.DefaultMavenResourcesFiltering - Copying 0 resource
2023-04-20 18:18:05,649 [Worker-25: Building] INFO  o.a.m.s.f.DefaultMavenResourcesFiltering - skip non existing resourceDirectory C:\Users\158151\OneDrive - Arrow Electronics, Inc\Desktop\Final Project\Backend\SMS Service\SMSService\src\test\resources
2023-04-20 18:24:14,795 [Worker-27: Building] INFO  o.a.m.s.f.DefaultMavenResourcesFiltering - Copying 1 resource
2023-04-20 18:24:14,802 [Worker-27: Building] INFO  o.a.m.s.f.DefaultMavenResourcesFiltering - Copying 0 resource
2023-04-20 18:24:14,805 [Worker-27: Building] INFO  o.a.m.s.f.DefaultMavenResourcesFiltering - skip non existing resourceDirectory C:\Users\158151\OneDrive - Arrow Electronics, Inc\Desktop\Final Project\Backend\SMS Service\SMSService\src\test\resources
2023-04-20 21:27:35,451 [Worker-24: Building] INFO  o.a.m.s.f.DefaultMavenResourcesFiltering - Copying 1 resource
2023-04-20 21:27:35,458 [Worker-24: Building] INFO  o.a.m.s.f.DefaultMavenResourcesFiltering - Copying 0 resource
2023-04-20 21:27:35,462 [Worker-24: Building] INFO  o.a.m.s.f.DefaultMavenResourcesFiltering - skip non existing resourceDirectory C:\Users\158151\OneDrive - Arrow Electronics, Inc\Desktop\Final Project\Backend\SMS Service\SMSService\src\test\resources
2023-04-20 21:27:38,258 [Worker-27: Building] INFO  o.a.m.s.f.DefaultMavenResourcesFiltering - Copying 1 resource
2023-04-20 21:27:38,265 [Worker-27: Building] INFO  o.a.m.s.f.DefaultMavenResourcesFiltering - Copying 0 resource
2023-04-20 21:27:38,269 [Worker-27: Building] INFO  o.a.m.s.f.DefaultMavenResourcesFiltering - skip non existing resourceDirectory C:\Users\158151\OneDrive - Arrow Electronics, Inc\Desktop\Final Project\Backend\SMS Service\SMSService\src\test\resources
2023-04-20 21:28:18,760 [Worker-30: Building] INFO  o.a.m.s.f.DefaultMavenResourcesFiltering - Copying 1 resource
2023-04-20 21:28:18,765 [Worker-30: Building] INFO  o.a.m.s.f.DefaultMavenResourcesFiltering - Copying 0 resource
2023-04-20 21:28:18,769 [Worker-30: Building] INFO  o.a.m.s.f.DefaultMavenResourcesFiltering - skip non existing resourceDirectory C:\Users\158151\OneDrive - Arrow Electronics, Inc\Desktop\Final Project\Backend\SMS Service\SMSService\src\test\resources
2023-04-21 09:59:41,713 [Worker-1: Loading available Gradle versions] INFO  o.e.b.c.i.u.g.PublishedGradleVersions - Gradle version information cache is up-to-date. Trying to read.
2023-04-21 10:59:37,910 [Worker-13: Launching SMSService - SmsServiceApplication] INFO  o.a.m.s.f.DefaultMavenResourcesFiltering - Copying 1 resource
2023-04-21 10:59:37,996 [Worker-13: Launching SMSService - SmsServiceApplication] INFO  o.a.m.s.f.DefaultMavenResourcesFiltering - Copying 0 resource
2023-04-21 10:59:38,001 [Worker-13: Launching SMSService - SmsServiceApplication] INFO  o.a.m.s.f.DefaultMavenResourcesFiltering - skip non existing resourceDirectory C:\Users\158151\OneDrive - Arrow Electronics, Inc\Desktop\Final Project\Backend\SMS Service\SMSService\src\test\resources
2023-04-21 11:13:54,107 [Worker-20: Building] INFO  o.a.m.s.f.DefaultMavenResourcesFiltering - Copying 1 resource
2023-04-21 11:13:54,147 [Worker-20: Building] INFO  o.a.m.s.f.DefaultMavenResourcesFiltering - Copying 0 resource
2023-04-21 11:13:54,151 [Worker-20: Building] INFO  o.a.m.s.f.DefaultMavenResourcesFiltering - skip non existing resourceDirectory C:\Users\158151\OneDrive - Arrow Electronics, Inc\Desktop\Final Project\Backend\SMS Service\SMSService\src\test\resources
2023-04-21 11:33:02,186 [Worker-29: Launching SMSService - SmsServiceApplication] INFO  o.a.m.s.f.DefaultMavenResourcesFiltering - Copying 1 resource
2023-04-21 11:33:02,220 [Worker-29: Launching SMSService - SmsServiceApplication] INFO  o.a.m.s.f.DefaultMavenResourcesFiltering - Copying 0 resource
2023-04-21 11:33:02,224 [Worker-29: Launching SMSService - SmsServiceApplication] INFO  o.a.m.s.f.DefaultMavenResourcesFiltering - skip non existing resourceDirectory C:\Users\158151\OneDrive - Arrow Electronics, Inc\Desktop\Final Project\Backend\SMS Service\SMSService\src\test\resources
2023-04-21 11:40:30,098 [Worker-29: Building] INFO  o.a.m.s.f.DefaultMavenResourcesFiltering - Copying 1 resource
2023-04-21 11:40:30,110 [Worker-29: Building] INFO  o.a.m.s.f.DefaultMavenResourcesFiltering - Copying 0 resource
2023-04-21 11:40:30,113 [Worker-29: Building] INFO  o.a.m.s.f.DefaultMavenResourcesFiltering - skip non existing resourceDirectory C:\Users\158151\OneDrive - Arrow Electronics, Inc\Desktop\Final Project\Backend\SMS Service\SMSService\src\test\resources
2023-04-21 11:40:39,084 [Worker-31: Building] INFO  o.a.m.s.f.DefaultMavenResourcesFiltering - Copying 1 resource
2023-04-21 11:40:39,091 [Worker-31: Building] INFO  o.a.m.s.f.DefaultMavenResourcesFiltering - Copying 0 resource
2023-04-21 11:40:39,094 [Worker-31: Building] INFO  o.a.m.s.f.DefaultMavenResourcesFiltering - skip non existing resourceDirectory C:\Users\158151\OneDrive - Arrow Electronics, Inc\Desktop\Final Project\Backend\SMS Service\SMSService\src\test\resources
2023-04-21 11:41:01,093 [Worker-34: Building] INFO  o.a.m.s.f.DefaultMavenResourcesFiltering - Copying 1 resource
2023-04-21 11:41:01,101 [Worker-34: Building] INFO  o.a.m.s.f.DefaultMavenResourcesFiltering - Copying 0 resource
2023-04-21 11:41:01,106 [Worker-34: Building] INFO  o.a.m.s.f.DefaultMavenResourcesFiltering - skip non existing resourceDirectory C:\Users\158151\OneDrive - Arrow Electronics, Inc\Desktop\Final Project\Backend\SMS Service\SMSService\src\test\resources
2023-04-21 11:41:17,056 [Worker-32: Building] INFO  o.a.m.s.f.DefaultMavenResourcesFiltering - Copying 1 resource
2023-04-21 11:41:17,066 [Worker-32: Building] INFO  o.a.m.s.f.DefaultMavenResourcesFiltering - Copying 0 resource
2023-04-21 11:41:17,090 [Worker-32: Building] INFO  o.a.m.s.f.DefaultMavenResourcesFiltering - skip non existing resourceDirectory C:\Users\158151\OneDrive - Arrow Electronics, Inc\Desktop\Final Project\Backend\SMS Service\SMSService\src\test\resources
2023-04-21 11:42:48,012 [Worker-31: Building] INFO  o.a.m.s.f.DefaultMavenResourcesFiltering - Copying 1 resource
2023-04-21 11:42:48,018 [Worker-31: Building] INFO  o.a.m.s.f.DefaultMavenResourcesFiltering - Copying 0 resource
2023-04-21 11:42:48,027 [Worker-31: Building] INFO  o.a.m.s.f.DefaultMavenResourcesFiltering - skip non existing resourceDirectory C:\Users\158151\OneDrive - Arrow Electronics, Inc\Desktop\Final Project\Backend\SMS Service\SMSService\src\test\resources
2023-04-21 11:42:50,321 [Worker-33: Building] INFO  o.a.m.s.f.DefaultMavenResourcesFiltering - Copying 1 resource
2023-04-21 11:42:50,330 [Worker-33: Building] INFO  o.a.m.s.f.DefaultMavenResourcesFiltering - Copying 0 resource
2023-04-21 11:42:50,334 [Worker-33: Building] INFO  o.a.m.s.f.DefaultMavenResourcesFiltering - skip non existing resourceDirectory C:\Users\158151\OneDrive - Arrow Electronics, Inc\Desktop\Final Project\Backend\SMS Service\SMSService\src\test\resources
2023-04-21 11:43:05,887 [Worker-31: Building] INFO  o.a.m.s.f.DefaultMavenResourcesFiltering - Copying 1 resource
2023-04-21 11:43:05,893 [Worker-31: Building] INFO  o.a.m.s.f.DefaultMavenResourcesFiltering - Copying 0 resource
2023-04-21 11:43:05,898 [Worker-31: Building] INFO  o.a.m.s.f.DefaultMavenResourcesFiltering - skip non existing resourceDirectory C:\Users\158151\OneDrive - Arrow Electronics, Inc\Desktop\Final Project\Backend\SMS Service\SMSService\src\test\resources
2023-04-21 11:47:08,071 [Worker-39: Building] INFO  o.a.m.s.f.DefaultMavenResourcesFiltering - Copying 1 resource
2023-04-21 11:47:08,079 [Worker-39: Building] INFO  o.a.m.s.f.DefaultMavenResourcesFiltering - Copying 0 resource
2023-04-21 11:47:08,084 [Worker-39: Building] INFO  o.a.m.s.f.DefaultMavenResourcesFiltering - skip non existing resourceDirectory C:\Users\158151\OneDrive - Arrow Electronics, Inc\Desktop\Final Project\Backend\SMS Service\SMSService\src\test\resources
2023-04-21 11:47:14,291 [Worker-41: Building] INFO  o.a.m.s.f.DefaultMavenResourcesFiltering - Copying 1 resource
2023-04-21 11:47:14,296 [Worker-41: Building] INFO  o.a.m.s.f.DefaultMavenResourcesFiltering - Copying 0 resource
2023-04-21 11:47:14,299 [Worker-41: Building] INFO  o.a.m.s.f.DefaultMavenResourcesFiltering - skip non existing resourceDirectory C:\Users\158151\OneDrive - Arrow Electronics, Inc\Desktop\Final Project\Backend\SMS Service\SMSService\src\test\resources
2023-04-21 11:48:53,297 [Worker-38: Building] INFO  o.a.m.s.f.DefaultMavenResourcesFiltering - Copying 1 resource
2023-04-21 11:48:53,304 [Worker-38: Building] INFO  o.a.m.s.f.DefaultMavenResourcesFiltering - Copying 0 resource
2023-04-21 11:48:53,308 [Worker-38: Building] INFO  o.a.m.s.f.DefaultMavenResourcesFiltering - skip non existing resourceDirectory C:\Users\158151\OneDrive - Arrow Electronics, Inc\Desktop\Final Project\Backend\SMS Service\SMSService\src\test\resources
2023-04-21 11:57:33,790 [Worker-48: Building] INFO  o.a.m.s.f.DefaultMavenResourcesFiltering - Copying 1 resource
2023-04-21 11:57:33,811 [Worker-48: Building] INFO  o.a.m.s.f.DefaultMavenResourcesFiltering - Copying 0 resource
2023-04-21 11:57:33,816 [Worker-48: Building] INFO  o.a.m.s.f.DefaultMavenResourcesFiltering - skip non existing resourceDirectory C:\Users\158151\OneDrive - Arrow Electronics, Inc\Desktop\Final Project\Backend\SMS Service\SMSService\src\test\resources
2023-04-24 12:57:14,269 [Worker-2: Loading available Gradle versions] INFO  o.e.b.c.i.u.g.PublishedGradleVersions - Gradle version information cache is up-to-date. Trying to read.
2023-04-27 11:19:56,133 [Worker-0: Loading available Gradle versions] INFO  o.e.b.c.i.u.g.PublishedGradleVersions - Gradle version information cache is up-to-date. Trying to read.
2023-04-27 11:21:42,437 [Worker-6: Building] INFO  o.a.m.s.f.DefaultMavenResourcesFiltering - Copying 1 resource
2023-04-27 11:21:42,461 [Worker-6: Building] INFO  o.a.m.s.f.DefaultMavenResourcesFiltering - Copying 0 resource
2023-04-27 11:21:42,465 [Worker-6: Building] INFO  o.a.m.s.f.DefaultMavenResourcesFiltering - skip non existing resourceDirectory C:\Users\158151\OneDrive - Arrow Electronics, Inc\Desktop\Final Project\Backend\SMS Service\SMSService\src\test\resources
2023-04-27 11:54:50,968 [Worker-16: Building] INFO  o.a.m.s.f.DefaultMavenResourcesFiltering - Copying 1 resource
2023-04-27 11:54:50,982 [Worker-16: Building] INFO  o.a.m.s.f.DefaultMavenResourcesFiltering - Copying 0 resource
2023-04-27 11:54:50,987 [Worker-16: Building] INFO  o.a.m.s.f.DefaultMavenResourcesFiltering - skip non existing resourceDirectory C:\Users\158151\OneDrive - Arrow Electronics, Inc\Desktop\Final Project\Backend\SMS Service\SMSService\src\test\resources
2023-04-29 23:57:59,320 [Worker-1: Loading available Gradle versions] INFO  o.e.b.c.i.u.g.PublishedGradleVersions - Gradle version information cache is up-to-date. Trying to read.
2023-04-29 23:58:15,341 [Worker-5: Building] INFO  o.a.m.s.f.DefaultMavenResourcesFiltering - Copying 1 resource
2023-04-29 23:58:15,367 [Worker-5: Building] INFO  o.a.m.s.f.DefaultMavenResourcesFiltering - Copying 0 resource
2023-04-29 23:58:15,373 [Worker-5: Building] INFO  o.a.m.s.f.DefaultMavenResourcesFiltering - skip non existing resourceDirectory C:\Users\158151\OneDrive - Arrow Electronics, Inc\Desktop\Final Project\Backend\SMS Service\SMSService\src\test\resources
2023-04-30 00:36:17,566 [Worker-17: Building] INFO  o.a.m.s.f.DefaultMavenResourcesFiltering - Copying 1 resource
2023-04-30 00:36:17,647 [Worker-17: Building] INFO  o.a.m.s.f.DefaultMavenResourcesFiltering - Copying 0 resource
2023-04-30 00:36:17,649 [Worker-17: Building] INFO  o.a.m.s.f.DefaultMavenResourcesFiltering - skip non existing resourceDirectory C:\Users\158151\OneDrive - Arrow Electronics, Inc\Desktop\Final Project\Backend\SMS Service\SMSService\src\test\resources
2023-04-30 00:36:37,752 [Worker-16: Building] INFO  o.a.m.s.f.DefaultMavenResourcesFiltering - Copying 1 resource
2023-04-30 00:36:37,798 [Worker-16: Building] INFO  o.a.m.s.f.DefaultMavenResourcesFiltering - Copying 0 resource
2023-04-30 00:36:37,802 [Worker-16: Building] INFO  o.a.m.s.f.DefaultMavenResourcesFiltering - skip non existing resourceDirectory C:\Users\158151\OneDrive - Arrow Electronics, Inc\Desktop\Final Project\Backend\SMS Service\SMSService\src\test\resources
2023-04-30 00:37:33,318 [Worker-17: Building] INFO  o.a.m.s.f.DefaultMavenResourcesFiltering - Copying 1 resource
2023-04-30 00:37:33,323 [Worker-17: Building] INFO  o.a.m.s.f.DefaultMavenResourcesFiltering - Copying 0 resource
2023-04-30 00:37:33,326 [Worker-17: Building] INFO  o.a.m.s.f.DefaultMavenResourcesFiltering - skip non existing resourceDirectory C:\Users\158151\OneDrive - Arrow Electronics, Inc\Desktop\Final Project\Backend\SMS Service\SMSService\src\test\resources
2023-05-01 21:46:53,870 [Worker-1: Loading available Gradle versions] INFO  o.e.b.c.i.u.g.PublishedGradleVersions - Gradle version information cache is out-of-date. Trying to update.
2023-05-01 21:46:53,978 [Worker-1: Loading available Gradle versions] INFO  o.e.b.c.i.u.g.PublishedGradleVersions - Updating Gradle version information cache failed. Using outdated cache.
2023-05-02 16:21:21,140 [Worker-8: Loading available Gradle versions] INFO  o.e.b.c.i.u.g.PublishedGradleVersions - Gradle version information cache is up-to-date. Trying to read.
2023-05-02 17:55:30,749 [Worker-35: Building] INFO  o.a.m.s.f.DefaultMavenResourcesFiltering - Copying 1 resource
2023-05-02 17:55:30,941 [Worker-35: Building] INFO  o.a.m.s.f.DefaultMavenResourcesFiltering - Copying 0 resource
2023-05-02 17:55:30,947 [Worker-35: Building] INFO  o.a.m.s.f.DefaultMavenResourcesFiltering - skip non existing resourceDirectory C:\Users\158151\OneDrive - Arrow Electronics, Inc\Desktop\Final Project\Backend\SMS Service\SMSService\src\test\resources
2023-05-03 14:55:57,951 [Worker-3: Loading available Gradle versions] INFO  o.e.b.c.i.u.g.PublishedGradleVersions - Gradle version information cache is up-to-date. Trying to read.
2023-05-04 09:25:10,841 [Worker-6: Loading available Gradle versions] INFO  o.e.b.c.i.u.g.PublishedGradleVersions - Gradle version information cache is out-of-date. Trying to update.
2023-05-04 09:25:10,876 [Worker-6: Loading available Gradle versions] INFO  o.e.b.c.i.u.g.PublishedGradleVersions - Updating Gradle version information cache failed. Using outdated cache.
2023-05-04 09:25:52,745 [Worker-3: Building] INFO  o.a.m.s.f.DefaultMavenResourcesFiltering - Copying 1 resource
2023-05-04 09:25:52,764 [Worker-3: Building] INFO  o.a.m.s.f.DefaultMavenResourcesFiltering - Copying 0 resource
2023-05-04 09:25:52,767 [Worker-3: Building] INFO  o.a.m.s.f.DefaultMavenResourcesFiltering - skip non existing resourceDirectory C:\Users\158151\OneDrive - Arrow Electronics, Inc\Desktop\Final Project\Backend\SMS Service\SMSService\src\test\resources
2023-05-04 09:26:23,899 [Worker-3: Building] INFO  o.a.m.s.f.DefaultMavenResourcesFiltering - Copying 1 resource
2023-05-04 09:26:23,903 [Worker-3: Building] INFO  o.a.m.s.f.DefaultMavenResourcesFiltering - Copying 0 resource
2023-05-04 09:26:23,906 [Worker-3: Building] INFO  o.a.m.s.f.DefaultMavenResourcesFiltering - skip non existing resourceDirectory C:\Users\158151\OneDrive - Arrow Electronics, Inc\Desktop\Final Project\Backend\SMS Service\SMSService\src\test\resources
2023-05-04 09:26:41,478 [Worker-5: Building] INFO  o.a.m.s.f.DefaultMavenResourcesFiltering - Copying 1 resource
2023-05-04 09:26:41,484 [Worker-5: Building] INFO  o.a.m.s.f.DefaultMavenResourcesFiltering - Copying 0 resource
2023-05-04 09:26:41,487 [Worker-5: Building] INFO  o.a.m.s.f.DefaultMavenResourcesFiltering - skip non existing resourceDirectory C:\Users\158151\OneDrive - Arrow Electronics, Inc\Desktop\Final Project\Backend\SMS Service\SMSService\src\test\resources
2023-05-04 09:58:20,799 [Worker-6: Building] INFO  o.a.m.s.f.DefaultMavenResourcesFiltering - Copying 1 resource
2023-05-04 09:58:20,805 [Worker-6: Building] INFO  o.a.m.s.f.DefaultMavenResourcesFiltering - Copying 0 resource
2023-05-04 09:58:20,809 [Worker-6: Building] INFO  o.a.m.s.f.DefaultMavenResourcesFiltering - skip non existing resourceDirectory C:\Users\158151\OneDrive - Arrow Electronics, Inc\Desktop\Final Project\Backend\SMS Service\SMSService\src\test\resources
2023-05-04 09:58:29,302 [Worker-0: Building] INFO  o.a.m.s.f.DefaultMavenResourcesFiltering - Copying 1 resource
2023-05-04 09:58:29,307 [Worker-0: Building] INFO  o.a.m.s.f.DefaultMavenResourcesFiltering - Copying 0 resource
2023-05-04 09:58:29,310 [Worker-0: Building] INFO  o.a.m.s.f.DefaultMavenResourcesFiltering - skip non existing resourceDirectory C:\Users\158151\OneDrive - Arrow Electronics, Inc\Desktop\Final Project\Backend\SMS Service\SMSService\src\test\resources
2023-05-04 21:36:42,288 [Worker-0: Loading available Gradle versions] INFO  o.e.b.c.i.u.g.PublishedGradleVersions - Gradle version information cache is up-to-date. Trying to read.
