2023-05-03 11:12:38,235 [Worker-2: Loading available Gradle versions] INFO  o.e.b.c.i.u.g.PublishedGradleVersions - Gradle version information cache is up-to-date. Trying to read.
2023-05-03 11:12:55,745 [Worker-11: Building] INFO  o.e.m.c.i.l.LifecycleMappingFactory - Using org.eclipse.m2e.jdt.JarLifecycleMapping lifecycle mapping for MavenProject: com.food:pushnotification:0.0.1-SNAPSHOT @ C:\Users\158151\OneDrive - Arrow Electronics, Inc\Desktop\Final Project\Backend\food2\Food\pom.xml.
2023-05-03 11:12:55,745 [Worker-8: Updating Maven Dependencies] INFO  o.e.m.c.i.l.LifecycleMappingFactory - Using org.eclipse.m2e.jdt.JarLifecycleMapping lifecycle mapping for MavenProject: com.food:pushnotification:0.0.1-SNAPSHOT @ C:\Users\158151\OneDrive - Arrow Electronics, Inc\Desktop\Final Project\Backend\food2\Food\pom.xml.
2023-05-03 11:12:58,988 [Worker-11: Building] INFO  o.a.m.s.f.DefaultMavenResourcesFiltering - Copying 1 resource from src\main\resources to target\classes
2023-05-03 11:12:59,005 [Worker-11: Building] INFO  o.a.m.s.f.DefaultMavenResourcesFiltering - Copying 0 resource from src\main\resources to target\classes
2023-05-03 11:12:59,011 [Worker-11: Building] INFO  o.a.m.s.f.DefaultMavenResourcesFiltering - skip non existing resourceDirectory C:\Users\158151\OneDrive - Arrow Electronics, Inc\Desktop\Final Project\Backend\food2\Food\src\test\resources
2023-05-03 11:13:00,607 [Worker-9: Updating Maven Dependencies] INFO  o.e.m.c.i.l.LifecycleMappingFactory - Using org.eclipse.m2e.jdt.JarLifecycleMapping lifecycle mapping for MavenProject: com.food:pushnotification:0.0.1-SNAPSHOT @ C:\Users\158151\OneDrive - Arrow Electronics, Inc\Desktop\Final Project\Backend\food2\Food\pom.xml.
2023-05-03 11:13:00,762 [Worker-4: Building] INFO  o.a.m.s.f.DefaultMavenResourcesFiltering - Copying 1 resource from src\main\resources to target\classes
2023-05-03 11:13:00,779 [Worker-4: Building] INFO  o.a.m.s.f.DefaultMavenResourcesFiltering - Copying 0 resource from src\main\resources to target\classes
2023-05-03 11:13:00,785 [Worker-4: Building] INFO  o.a.m.s.f.DefaultMavenResourcesFiltering - skip non existing resourceDirectory C:\Users\158151\OneDrive - Arrow Electronics, Inc\Desktop\Final Project\Backend\food2\Food\src\test\resources
2023-05-03 11:13:01,898 [Worker-11: Building] INFO  o.a.m.s.f.DefaultMavenResourcesFiltering - Copying 0 resource from src\main\resources to target\classes
2023-05-03 11:13:01,899 [Worker-11: Building] INFO  o.a.m.s.f.DefaultMavenResourcesFiltering - Copying 0 resource from src\main\resources to target\classes
2023-05-03 11:13:01,903 [Worker-11: Building] INFO  o.a.m.s.f.DefaultMavenResourcesFiltering - skip non existing resourceDirectory C:\Users\158151\OneDrive - Arrow Electronics, Inc\Desktop\Final Project\Backend\food2\Food\src\test\resources
2023-05-03 11:16:05,165 [Worker-6: Building] INFO  o.a.m.s.f.DefaultMavenResourcesFiltering - Copying 1 resource from src\main\resources to target\classes
2023-05-03 11:16:05,172 [Worker-6: Building] INFO  o.a.m.s.f.DefaultMavenResourcesFiltering - Copying 0 resource from src\main\resources to target\classes
2023-05-03 11:16:05,175 [Worker-6: Building] INFO  o.a.m.s.f.DefaultMavenResourcesFiltering - skip non existing resourceDirectory C:\Users\158151\OneDrive - Arrow Electronics, Inc\Desktop\Final Project\Backend\food2\Food\src\test\resources
2023-05-03 11:17:48,926 [Worker-17: Building] INFO  o.a.m.s.f.DefaultMavenResourcesFiltering - Copying 1 resource from src\main\resources to target\classes
2023-05-03 11:17:48,932 [Worker-17: Building] INFO  o.a.m.s.f.DefaultMavenResourcesFiltering - Copying 0 resource from src\main\resources to target\classes
2023-05-03 11:17:48,936 [Worker-17: Building] INFO  o.a.m.s.f.DefaultMavenResourcesFiltering - skip non existing resourceDirectory C:\Users\158151\OneDrive - Arrow Electronics, Inc\Desktop\Final Project\Backend\food2\Food\src\test\resources
2023-05-03 11:18:44,203 [Worker-17: Building] INFO  o.a.m.s.f.DefaultMavenResourcesFiltering - Copying 1 resource from src\main\resources to target\classes
2023-05-03 11:18:44,232 [Worker-17: Building] INFO  o.a.m.s.f.DefaultMavenResourcesFiltering - Copying 0 resource from src\main\resources to target\classes
2023-05-03 11:18:44,236 [Worker-17: Building] INFO  o.a.m.s.f.DefaultMavenResourcesFiltering - skip non existing resourceDirectory C:\Users\158151\OneDrive - Arrow Electronics, Inc\Desktop\Final Project\Backend\food2\Food\src\test\resources
2023-05-03 11:19:21,264 [Worker-13: Building] INFO  o.a.m.s.f.DefaultMavenResourcesFiltering - Copying 1 resource from src\main\resources to target\classes
2023-05-03 11:19:21,269 [Worker-13: Building] INFO  o.a.m.s.f.DefaultMavenResourcesFiltering - Copying 0 resource from src\main\resources to target\classes
2023-05-03 11:19:21,273 [Worker-13: Building] INFO  o.a.m.s.f.DefaultMavenResourcesFiltering - skip non existing resourceDirectory C:\Users\158151\OneDrive - Arrow Electronics, Inc\Desktop\Final Project\Backend\food2\Food\src\test\resources
2023-05-03 11:19:49,864 [Worker-17: Building] INFO  o.a.m.s.f.DefaultMavenResourcesFiltering - Copying 1 resource from src\main\resources to target\classes
2023-05-03 11:19:49,870 [Worker-17: Building] INFO  o.a.m.s.f.DefaultMavenResourcesFiltering - Copying 0 resource from src\main\resources to target\classes
2023-05-03 11:19:49,874 [Worker-17: Building] INFO  o.a.m.s.f.DefaultMavenResourcesFiltering - skip non existing resourceDirectory C:\Users\158151\OneDrive - Arrow Electronics, Inc\Desktop\Final Project\Backend\food2\Food\src\test\resources
2023-05-03 11:22:29,931 [Worker-16: Building] INFO  o.a.m.s.f.DefaultMavenResourcesFiltering - Copying 1 resource from src\main\resources to target\classes
2023-05-03 11:22:29,938 [Worker-16: Building] INFO  o.a.m.s.f.DefaultMavenResourcesFiltering - Copying 0 resource from src\main\resources to target\classes
2023-05-03 11:22:29,943 [Worker-16: Building] INFO  o.a.m.s.f.DefaultMavenResourcesFiltering - skip non existing resourceDirectory C:\Users\158151\OneDrive - Arrow Electronics, Inc\Desktop\Final Project\Backend\food2\Food\src\test\resources
2023-05-03 11:22:32,095 [Worker-13: Building] INFO  o.a.m.s.f.DefaultMavenResourcesFiltering - Copying 1 resource from src\main\resources to target\classes
2023-05-03 11:22:32,100 [Worker-13: Building] INFO  o.a.m.s.f.DefaultMavenResourcesFiltering - Copying 0 resource from src\main\resources to target\classes
2023-05-03 11:22:32,103 [Worker-13: Building] INFO  o.a.m.s.f.DefaultMavenResourcesFiltering - skip non existing resourceDirectory C:\Users\158151\OneDrive - Arrow Electronics, Inc\Desktop\Final Project\Backend\food2\Food\src\test\resources
2023-05-03 11:22:35,566 [Worker-17: Building] INFO  o.a.m.s.f.DefaultMavenResourcesFiltering - Copying 1 resource from src\main\resources to target\classes
2023-05-03 11:22:35,572 [Worker-17: Building] INFO  o.a.m.s.f.DefaultMavenResourcesFiltering - Copying 0 resource from src\main\resources to target\classes
2023-05-03 11:22:35,577 [Worker-17: Building] INFO  o.a.m.s.f.DefaultMavenResourcesFiltering - skip non existing resourceDirectory C:\Users\158151\OneDrive - Arrow Electronics, Inc\Desktop\Final Project\Backend\food2\Food\src\test\resources
2023-05-03 11:25:09,350 [main] INFO  o.e.m2e.actions.ExecutePomAction - Creating new launch configuration
2023-05-03 11:25:12,291 [Worker-17: Launching Food] INFO  o.eclipse.m2e.core.internal.Bundles - getClasspathEntries(Bundle=org.eclipse.m2e.maven.runtime_3.8.604.20221130-2149 [345])
2023-05-03 11:25:12,307 [Worker-17: Launching Food] INFO  o.eclipse.m2e.core.internal.Bundles - 	Entry: C:\Digital\sts-4.17.1.RELEASE\plugins\org.eclipse.m2e.maven.runtime_3.8.604.20221130-2149
2023-05-03 11:25:12,307 [Worker-17: Launching Food] INFO  o.eclipse.m2e.core.internal.Bundles - 	Entry: C:\Digital\sts-4.17.1.RELEASE\plugins\org.eclipse.m2e.maven.runtime_3.8.604.20221130-2149\jars\aether-connector-okhttp-0.17.8.jar
2023-05-03 11:25:12,308 [Worker-17: Launching Food] INFO  o.eclipse.m2e.core.internal.Bundles - 	Entry: C:\Digital\sts-4.17.1.RELEASE\plugins\org.eclipse.m2e.maven.runtime_3.8.604.20221130-2149\jars\commons-cli-1.4.jar
2023-05-03 11:25:12,309 [Worker-17: Launching Food] INFO  o.eclipse.m2e.core.internal.Bundles - 	Entry: C:\Digital\sts-4.17.1.RELEASE\plugins\org.eclipse.m2e.maven.runtime_3.8.604.20221130-2149\jars\commons-io-2.6.jar
2023-05-03 11:25:12,309 [Worker-17: Launching Food] INFO  o.eclipse.m2e.core.internal.Bundles - 	Entry: C:\Digital\sts-4.17.1.RELEASE\plugins\org.eclipse.m2e.maven.runtime_3.8.604.20221130-2149\jars\commons-lang3-3.8.1.jar
2023-05-03 11:25:12,309 [Worker-17: Launching Food] INFO  o.eclipse.m2e.core.internal.Bundles - 	Entry: C:\Digital\sts-4.17.1.RELEASE\plugins\org.eclipse.m2e.maven.runtime_3.8.604.20221130-2149\jars\guice-4.2.2-no_aop.jar
2023-05-03 11:25:12,309 [Worker-17: Launching Food] INFO  o.eclipse.m2e.core.internal.Bundles - 	Entry: C:\Digital\sts-4.17.1.RELEASE\plugins\org.eclipse.m2e.maven.runtime_3.8.604.20221130-2149\jars\jansi-2.4.0.jar
2023-05-03 11:25:12,309 [Worker-17: Launching Food] INFO  o.eclipse.m2e.core.internal.Bundles - 	Entry: C:\Digital\sts-4.17.1.RELEASE\plugins\org.eclipse.m2e.maven.runtime_3.8.604.20221130-2149\jars\maven-artifact-3.8.6.jar
2023-05-03 11:25:12,310 [Worker-17: Launching Food] INFO  o.eclipse.m2e.core.internal.Bundles - 	Entry: C:\Digital\sts-4.17.1.RELEASE\plugins\org.eclipse.m2e.maven.runtime_3.8.604.20221130-2149\jars\maven-builder-support-3.8.6.jar
2023-05-03 11:25:12,310 [Worker-17: Launching Food] INFO  o.eclipse.m2e.core.internal.Bundles - 	Entry: C:\Digital\sts-4.17.1.RELEASE\plugins\org.eclipse.m2e.maven.runtime_3.8.604.20221130-2149\jars\maven-compat-3.8.6.jar
2023-05-03 11:25:12,310 [Worker-17: Launching Food] INFO  o.eclipse.m2e.core.internal.Bundles - 	Entry: C:\Digital\sts-4.17.1.RELEASE\plugins\org.eclipse.m2e.maven.runtime_3.8.604.20221130-2149\jars\maven-core-3.8.6.jar
2023-05-03 11:25:12,310 [Worker-17: Launching Food] INFO  o.eclipse.m2e.core.internal.Bundles - 	Entry: C:\Digital\sts-4.17.1.RELEASE\plugins\org.eclipse.m2e.maven.runtime_3.8.604.20221130-2149\jars\maven-embedder-3.8.6.jar
2023-05-03 11:25:12,310 [Worker-17: Launching Food] INFO  o.eclipse.m2e.core.internal.Bundles - 	Entry: C:\Digital\sts-4.17.1.RELEASE\plugins\org.eclipse.m2e.maven.runtime_3.8.604.20221130-2149\jars\maven-model-3.8.6.jar
2023-05-03 11:25:12,311 [Worker-17: Launching Food] INFO  o.eclipse.m2e.core.internal.Bundles - 	Entry: C:\Digital\sts-4.17.1.RELEASE\plugins\org.eclipse.m2e.maven.runtime_3.8.604.20221130-2149\jars\maven-model-builder-3.8.6.jar
2023-05-03 11:25:12,311 [Worker-17: Launching Food] INFO  o.eclipse.m2e.core.internal.Bundles - 	Entry: C:\Digital\sts-4.17.1.RELEASE\plugins\org.eclipse.m2e.maven.runtime_3.8.604.20221130-2149\jars\maven-plugin-api-3.8.6.jar
2023-05-03 11:25:12,311 [Worker-17: Launching Food] INFO  o.eclipse.m2e.core.internal.Bundles - 	Entry: C:\Digital\sts-4.17.1.RELEASE\plugins\org.eclipse.m2e.maven.runtime_3.8.604.20221130-2149\jars\maven-repository-metadata-3.8.6.jar
2023-05-03 11:25:12,311 [Worker-17: Launching Food] INFO  o.eclipse.m2e.core.internal.Bundles - 	Entry: C:\Digital\sts-4.17.1.RELEASE\plugins\org.eclipse.m2e.maven.runtime_3.8.604.20221130-2149\jars\maven-resolver-api-1.6.3.jar
2023-05-03 11:25:12,311 [Worker-17: Launching Food] INFO  o.eclipse.m2e.core.internal.Bundles - 	Entry: C:\Digital\sts-4.17.1.RELEASE\plugins\org.eclipse.m2e.maven.runtime_3.8.604.20221130-2149\jars\maven-resolver-connector-basic-1.6.3.jar
2023-05-03 11:25:12,311 [Worker-17: Launching Food] INFO  o.eclipse.m2e.core.internal.Bundles - 	Entry: C:\Digital\sts-4.17.1.RELEASE\plugins\org.eclipse.m2e.maven.runtime_3.8.604.20221130-2149\jars\maven-resolver-impl-1.6.3.jar
2023-05-03 11:25:12,311 [Worker-17: Launching Food] INFO  o.eclipse.m2e.core.internal.Bundles - 	Entry: C:\Digital\sts-4.17.1.RELEASE\plugins\org.eclipse.m2e.maven.runtime_3.8.604.20221130-2149\jars\maven-resolver-provider-3.8.6.jar
2023-05-03 11:25:12,312 [Worker-17: Launching Food] INFO  o.eclipse.m2e.core.internal.Bundles - 	Entry: C:\Digital\sts-4.17.1.RELEASE\plugins\org.eclipse.m2e.maven.runtime_3.8.604.20221130-2149\jars\maven-resolver-spi-1.6.3.jar
2023-05-03 11:25:12,312 [Worker-17: Launching Food] INFO  o.eclipse.m2e.core.internal.Bundles - 	Entry: C:\Digital\sts-4.17.1.RELEASE\plugins\org.eclipse.m2e.maven.runtime_3.8.604.20221130-2149\jars\maven-resolver-transport-wagon-1.6.3.jar
2023-05-03 11:25:12,312 [Worker-17: Launching Food] INFO  o.eclipse.m2e.core.internal.Bundles - 	Entry: C:\Digital\sts-4.17.1.RELEASE\plugins\org.eclipse.m2e.maven.runtime_3.8.604.20221130-2149\jars\maven-resolver-util-1.6.3.jar
2023-05-03 11:25:12,312 [Worker-17: Launching Food] INFO  o.eclipse.m2e.core.internal.Bundles - 	Entry: C:\Digital\sts-4.17.1.RELEASE\plugins\org.eclipse.m2e.maven.runtime_3.8.604.20221130-2149\jars\maven-settings-3.8.6.jar
2023-05-03 11:25:12,312 [Worker-17: Launching Food] INFO  o.eclipse.m2e.core.internal.Bundles - 	Entry: C:\Digital\sts-4.17.1.RELEASE\plugins\org.eclipse.m2e.maven.runtime_3.8.604.20221130-2149\jars\maven-settings-builder-3.8.6.jar
2023-05-03 11:25:12,312 [Worker-17: Launching Food] INFO  o.eclipse.m2e.core.internal.Bundles - 	Entry: C:\Digital\sts-4.17.1.RELEASE\plugins\org.eclipse.m2e.maven.runtime_3.8.604.20221130-2149\jars\maven-shared-utils-3.3.4.jar
2023-05-03 11:25:12,312 [Worker-17: Launching Food] INFO  o.eclipse.m2e.core.internal.Bundles - 	Entry: C:\Digital\sts-4.17.1.RELEASE\plugins\org.eclipse.m2e.maven.runtime_3.8.604.20221130-2149\jars\okhttp-3.14.1.jar
2023-05-03 11:25:12,313 [Worker-17: Launching Food] INFO  o.eclipse.m2e.core.internal.Bundles - 	Entry: C:\Digital\sts-4.17.1.RELEASE\plugins\org.eclipse.m2e.maven.runtime_3.8.604.20221130-2149\jars\okio-1.17.3.jar
2023-05-03 11:25:12,313 [Worker-17: Launching Food] INFO  o.eclipse.m2e.core.internal.Bundles - 	Entry: C:\Digital\sts-4.17.1.RELEASE\plugins\org.eclipse.m2e.maven.runtime_3.8.604.20221130-2149\jars\org.eclipse.sisu.inject-0.3.5.jar
2023-05-03 11:25:12,313 [Worker-17: Launching Food] INFO  o.eclipse.m2e.core.internal.Bundles - 	Entry: C:\Digital\sts-4.17.1.RELEASE\plugins\org.eclipse.m2e.maven.runtime_3.8.604.20221130-2149\jars\org.eclipse.sisu.plexus-0.3.5.jar
2023-05-03 11:25:12,313 [Worker-17: Launching Food] INFO  o.eclipse.m2e.core.internal.Bundles - 	Entry: C:\Digital\sts-4.17.1.RELEASE\plugins\org.eclipse.m2e.maven.runtime_3.8.604.20221130-2149\jars\plexus-build-api-0.0.7.jar
2023-05-03 11:25:12,313 [Worker-17: Launching Food] INFO  o.eclipse.m2e.core.internal.Bundles - 	Entry: C:\Digital\sts-4.17.1.RELEASE\plugins\org.eclipse.m2e.maven.runtime_3.8.604.20221130-2149\jars\plexus-cipher-2.0.jar
2023-05-03 11:25:12,313 [Worker-17: Launching Food] INFO  o.eclipse.m2e.core.internal.Bundles - 	Entry: C:\Digital\sts-4.17.1.RELEASE\plugins\org.eclipse.m2e.maven.runtime_3.8.604.20221130-2149\jars\plexus-classworlds-2.6.0.jar
2023-05-03 11:25:12,314 [Worker-17: Launching Food] INFO  o.eclipse.m2e.core.internal.Bundles - 	Entry: C:\Digital\sts-4.17.1.RELEASE\plugins\org.eclipse.m2e.maven.runtime_3.8.604.20221130-2149\jars\plexus-component-annotations-2.1.0.jar
2023-05-03 11:25:12,314 [Worker-17: Launching Food] INFO  o.eclipse.m2e.core.internal.Bundles - 	Entry: C:\Digital\sts-4.17.1.RELEASE\plugins\org.eclipse.m2e.maven.runtime_3.8.604.20221130-2149\jars\plexus-interpolation-1.26.jar
2023-05-03 11:25:12,314 [Worker-17: Launching Food] INFO  o.eclipse.m2e.core.internal.Bundles - 	Entry: C:\Digital\sts-4.17.1.RELEASE\plugins\org.eclipse.m2e.maven.runtime_3.8.604.20221130-2149\jars\plexus-sec-dispatcher-2.0.jar
2023-05-03 11:25:12,315 [Worker-17: Launching Food] INFO  o.eclipse.m2e.core.internal.Bundles - 	Entry: C:\Digital\sts-4.17.1.RELEASE\plugins\org.eclipse.m2e.maven.runtime_3.8.604.20221130-2149\jars\plexus-utils-3.3.1.jar
2023-05-03 11:25:12,315 [Worker-17: Launching Food] INFO  o.eclipse.m2e.core.internal.Bundles - 	Entry: C:\Digital\sts-4.17.1.RELEASE\plugins\org.eclipse.m2e.maven.runtime_3.8.604.20221130-2149\jars\wagon-file-3.5.1.jar
2023-05-03 11:25:12,315 [Worker-17: Launching Food] INFO  o.eclipse.m2e.core.internal.Bundles - 	Entry: C:\Digital\sts-4.17.1.RELEASE\plugins\org.eclipse.m2e.maven.runtime_3.8.604.20221130-2149\jars\wagon-provider-api-3.5.1.jar
2023-05-03 11:25:12,316 [Worker-17: Launching Food] INFO  o.eclipse.m2e.core.internal.Bundles - getClasspathEntries(Bundle=com.google.guava_30.1.0.v20221112-0806 [22])
2023-05-03 11:25:12,318 [Worker-17: Launching Food] INFO  o.eclipse.m2e.core.internal.Bundles - 	Entry: C:\Digital\sts-4.17.1.RELEASE\plugins\com.google.guava_30.1.0.v20221112-0806.jar
2023-05-03 11:25:12,318 [Worker-17: Launching Food] INFO  o.eclipse.m2e.core.internal.Bundles - getClasspathEntries(Bundle=slf4j.api_1.7.36 [584])
2023-05-03 11:25:12,521 [Worker-17: Launching Food] INFO  o.eclipse.m2e.core.internal.Bundles - 	Entry: C:\Digital\sts-4.17.1.RELEASE\plugins\slf4j.api_1.7.36.jar
2023-05-03 11:25:12,521 [Worker-17: Launching Food] INFO  o.eclipse.m2e.core.internal.Bundles - getClasspathEntries(Bundle=javax.inject_1.0.0.v20220405-0441 [49])
2023-05-03 11:25:12,684 [Worker-17: Launching Food] INFO  o.eclipse.m2e.core.internal.Bundles - 	Entry: C:\Digital\sts-4.17.1.RELEASE\plugins\javax.inject_1.0.0.v20220405-0441.jar
2023-05-03 11:25:12,684 [Worker-17: Launching Food] INFO  o.eclipse.m2e.core.internal.Bundles - getClasspathEntries(Bundle=javax.annotation_1.3.5.v20221112-0806 [47])
2023-05-03 11:25:13,067 [Worker-17: Launching Food] INFO  o.eclipse.m2e.core.internal.Bundles - 	Entry: C:\Digital\sts-4.17.1.RELEASE\plugins\javax.annotation_1.3.5.v20221112-0806.jar
2023-05-03 11:25:13,071 [Worker-17: Launching Food] INFO  o.e.m.i.launch.MavenLaunchDelegate - Run build in "C:\Users\158151\OneDrive - Arrow Electronics, Inc\Desktop\Final Project\Backend\food2\Food":
2023-05-03 11:25:13,071 [Worker-17: Launching Food] INFO  o.e.m.i.launch.MavenLaunchDelegate -  mvn  -Ppom.xml -B -Dstyle.color=always compile
2023-05-03 11:27:36,779 [Worker-23: Building] INFO  o.a.m.s.f.DefaultMavenResourcesFiltering - Copying 1 resource from src\main\resources to target\classes
2023-05-03 11:27:36,785 [Worker-23: Building] INFO  o.a.m.s.f.DefaultMavenResourcesFiltering - Copying 0 resource from src\main\resources to target\classes
2023-05-03 11:27:36,788 [Worker-23: Building] INFO  o.a.m.s.f.DefaultMavenResourcesFiltering - skip non existing resourceDirectory C:\Users\158151\OneDrive - Arrow Electronics, Inc\Desktop\Final Project\Backend\food2\Food\src\test\resources
2023-05-03 11:27:37,804 [Worker-25: Building] INFO  o.a.m.s.f.DefaultMavenResourcesFiltering - Copying 1 resource from src\main\resources to target\classes
2023-05-03 11:27:37,809 [Worker-25: Building] INFO  o.a.m.s.f.DefaultMavenResourcesFiltering - Copying 0 resource from src\main\resources to target\classes
2023-05-03 11:27:37,811 [Worker-25: Building] INFO  o.a.m.s.f.DefaultMavenResourcesFiltering - skip non existing resourceDirectory C:\Users\158151\OneDrive - Arrow Electronics, Inc\Desktop\Final Project\Backend\food2\Food\src\test\resources
2023-05-03 11:35:01,722 [Worker-17: Building] INFO  o.a.m.s.f.DefaultMavenResourcesFiltering - Copying 1 resource from src\main\resources to target\classes
2023-05-03 11:35:01,728 [Worker-17: Building] INFO  o.a.m.s.f.DefaultMavenResourcesFiltering - Copying 0 resource from src\main\resources to target\classes
2023-05-03 11:35:01,730 [Worker-17: Building] INFO  o.a.m.s.f.DefaultMavenResourcesFiltering - skip non existing resourceDirectory C:\Users\158151\OneDrive - Arrow Electronics, Inc\Desktop\Final Project\Backend\food2\Food\src\test\resources
2023-05-03 11:35:02,817 [Worker-31: Building] INFO  o.a.m.s.f.DefaultMavenResourcesFiltering - Copying 1 resource from src\main\resources to target\classes
2023-05-03 11:35:02,829 [Worker-31: Building] INFO  o.a.m.s.f.DefaultMavenResourcesFiltering - Copying 0 resource from src\main\resources to target\classes
2023-05-03 11:35:02,834 [Worker-31: Building] INFO  o.a.m.s.f.DefaultMavenResourcesFiltering - skip non existing resourceDirectory C:\Users\158151\OneDrive - Arrow Electronics, Inc\Desktop\Final Project\Backend\food2\Food\src\test\resources
2023-05-03 11:40:38,338 [Start Help Server] INFO  org.eclipse.jetty.server.Server - jetty-10.0.12; built: 2022-09-14T01:54:40.076Z; git: 408d0139887e27a57b54ed52e2d92a36731a7e88; jvm 17.0.5+8
2023-05-03 11:40:38,361 [Start Help Server] INFO  o.e.j.s.s.DefaultSessionIdManager - Session workerName=node0
2023-05-03 11:40:38,391 [Start Help Server] INFO  o.e.j.server.handler.ContextHandler - Started o.e.j.s.ServletContextHandler@5d44766a{/help,null,AVAILABLE}
2023-05-03 11:40:38,404 [Start Help Server] INFO  o.e.jetty.server.AbstractConnector - Started ServerConnector@26a2380c{HTTP/1.1, (http/1.1)}{127.0.0.1:49182}
2023-05-03 11:40:38,406 [Start Help Server] INFO  org.eclipse.jetty.server.Server - Started Server@302f2ed4{STARTING}[10.0.12,sto=0] @1704616ms
2023-05-03 11:41:19,281 [Worker-29: Building] INFO  o.a.m.s.f.DefaultMavenResourcesFiltering - Copying 1 resource from src\main\resources to target\classes
2023-05-03 11:41:19,288 [Worker-29: Building] INFO  o.a.m.s.f.DefaultMavenResourcesFiltering - Copying 0 resource from src\main\resources to target\classes
2023-05-03 11:41:19,292 [Worker-29: Building] INFO  o.a.m.s.f.DefaultMavenResourcesFiltering - skip non existing resourceDirectory C:\Users\158151\OneDrive - Arrow Electronics, Inc\Desktop\Final Project\Backend\food2\Food\src\test\resources
2023-05-03 11:43:02,605 [Worker-34: Building] INFO  o.a.m.s.f.DefaultMavenResourcesFiltering - Copying 1 resource from src\main\resources to target\classes
2023-05-03 11:43:02,612 [Worker-34: Building] INFO  o.a.m.s.f.DefaultMavenResourcesFiltering - Copying 0 resource from src\main\resources to target\classes
2023-05-03 11:43:02,618 [Worker-34: Building] INFO  o.a.m.s.f.DefaultMavenResourcesFiltering - skip non existing resourceDirectory C:\Users\158151\OneDrive - Arrow Electronics, Inc\Desktop\Final Project\Backend\food2\Food\src\test\resources
2023-05-03 11:56:31,577 [Worker-42: Building] INFO  o.a.m.s.f.DefaultMavenResourcesFiltering - Copying 1 resource from src\main\resources to target\classes
2023-05-03 11:56:31,590 [Worker-42: Building] INFO  o.a.m.s.f.DefaultMavenResourcesFiltering - Copying 0 resource from src\main\resources to target\classes
2023-05-03 11:56:31,593 [Worker-42: Building] INFO  o.a.m.s.f.DefaultMavenResourcesFiltering - skip non existing resourceDirectory C:\Users\158151\OneDrive - Arrow Electronics, Inc\Desktop\Final Project\Backend\food2\Food\src\test\resources
2023-05-03 11:57:57,773 [main] INFO  o.e.m2e.actions.ExecutePomAction - Creating new launch configuration
2023-05-03 11:58:01,149 [Worker-32: Launching Food (1)] INFO  o.e.m.i.launch.MavenLaunchDelegate - Run build in "C:\Users\158151\OneDrive - Arrow Electronics, Inc\Desktop\Final Project\Backend\food2\Food":
2023-05-03 11:58:01,150 [Worker-32: Launching Food (1)] INFO  o.e.m.i.launch.MavenLaunchDelegate -  mvn  -Ppom.xml -B -Dstyle.color=always compile
2023-05-03 12:00:51,704 [Worker-39: Building] INFO  o.a.m.s.f.DefaultMavenResourcesFiltering - Copying 1 resource from src\main\resources to target\classes
2023-05-03 12:00:51,708 [Worker-39: Building] INFO  o.a.m.s.f.DefaultMavenResourcesFiltering - Copying 0 resource from src\main\resources to target\classes
2023-05-03 12:00:51,711 [Worker-39: Building] INFO  o.a.m.s.f.DefaultMavenResourcesFiltering - skip non existing resourceDirectory C:\Users\158151\OneDrive - Arrow Electronics, Inc\Desktop\Final Project\Backend\food2\Food\src\test\resources
2023-05-03 12:01:15,513 [Worker-32: Building] INFO  o.a.m.s.f.DefaultMavenResourcesFiltering - Copying 1 resource from src\main\resources to target\classes
2023-05-03 12:01:15,524 [Worker-32: Building] INFO  o.a.m.s.f.DefaultMavenResourcesFiltering - Copying 0 resource from src\main\resources to target\classes
2023-05-03 12:01:15,526 [Worker-32: Building] INFO  o.a.m.s.f.DefaultMavenResourcesFiltering - skip non existing resourceDirectory C:\Users\158151\OneDrive - Arrow Electronics, Inc\Desktop\Final Project\Backend\food2\Food\src\test\resources
2023-05-03 12:01:36,853 [Worker-32: Building] INFO  o.a.m.s.f.DefaultMavenResourcesFiltering - Copying 1 resource from src\main\resources to target\classes
2023-05-03 12:01:36,858 [Worker-32: Building] INFO  o.a.m.s.f.DefaultMavenResourcesFiltering - Copying 0 resource from src\main\resources to target\classes
2023-05-03 12:01:36,860 [Worker-32: Building] INFO  o.a.m.s.f.DefaultMavenResourcesFiltering - skip non existing resourceDirectory C:\Users\158151\OneDrive - Arrow Electronics, Inc\Desktop\Final Project\Backend\food2\Food\src\test\resources
2023-05-03 12:02:44,309 [Worker-42: Building] INFO  o.a.m.s.f.DefaultMavenResourcesFiltering - Copying 1 resource from src\main\resources to target\classes
2023-05-03 12:02:44,323 [Worker-42: Building] INFO  o.a.m.s.f.DefaultMavenResourcesFiltering - Copying 0 resource from src\main\resources to target\classes
2023-05-03 12:02:44,326 [Worker-42: Building] INFO  o.a.m.s.f.DefaultMavenResourcesFiltering - skip non existing resourceDirectory C:\Users\158151\OneDrive - Arrow Electronics, Inc\Desktop\Final Project\Backend\food2\Food\src\test\resources
2023-05-03 12:05:20,196 [Worker-39: Building] INFO  o.a.m.s.f.DefaultMavenResourcesFiltering - Copying 1 resource from src\main\resources to target\classes
2023-05-03 12:05:20,222 [Worker-39: Building] INFO  o.a.m.s.f.DefaultMavenResourcesFiltering - Copying 0 resource from src\main\resources to target\classes
2023-05-03 12:05:20,225 [Worker-39: Building] INFO  o.a.m.s.f.DefaultMavenResourcesFiltering - skip non existing resourceDirectory C:\Users\158151\OneDrive - Arrow Electronics, Inc\Desktop\Final Project\Backend\food2\Food\src\test\resources
2023-05-03 12:12:22,167 [Worker-46: Building] INFO  o.a.m.s.f.DefaultMavenResourcesFiltering - Copying 1 resource from src\main\resources to target\classes
2023-05-03 12:12:22,173 [Worker-46: Building] INFO  o.a.m.s.f.DefaultMavenResourcesFiltering - Copying 0 resource from src\main\resources to target\classes
2023-05-03 12:12:22,175 [Worker-46: Building] INFO  o.a.m.s.f.DefaultMavenResourcesFiltering - skip non existing resourceDirectory C:\Users\158151\OneDrive - Arrow Electronics, Inc\Desktop\Final Project\Backend\food2\Food\src\test\resources
2023-05-03 12:15:26,118 [Worker-46: Building] INFO  o.a.m.s.f.DefaultMavenResourcesFiltering - Copying 1 resource from src\main\resources to target\classes
2023-05-03 12:15:26,124 [Worker-46: Building] INFO  o.a.m.s.f.DefaultMavenResourcesFiltering - Copying 0 resource from src\main\resources to target\classes
2023-05-03 12:15:26,128 [Worker-46: Building] INFO  o.a.m.s.f.DefaultMavenResourcesFiltering - skip non existing resourceDirectory C:\Users\158151\OneDrive - Arrow Electronics, Inc\Desktop\Final Project\Backend\food2\Food\src\test\resources
2023-05-03 12:19:43,239 [Worker-53: Building] INFO  o.a.m.s.f.DefaultMavenResourcesFiltering - Copying 1 resource from src\main\resources to target\classes
2023-05-03 12:19:43,244 [Worker-53: Building] INFO  o.a.m.s.f.DefaultMavenResourcesFiltering - Copying 0 resource from src\main\resources to target\classes
2023-05-03 12:19:43,247 [Worker-53: Building] INFO  o.a.m.s.f.DefaultMavenResourcesFiltering - skip non existing resourceDirectory C:\Users\158151\OneDrive - Arrow Electronics, Inc\Desktop\Final Project\Backend\food2\Food\src\test\resources
2023-05-03 12:19:49,438 [Worker-53: Building] INFO  o.a.m.s.f.DefaultMavenResourcesFiltering - Copying 1 resource from src\main\resources to target\classes
2023-05-03 12:19:49,443 [Worker-53: Building] INFO  o.a.m.s.f.DefaultMavenResourcesFiltering - Copying 0 resource from src\main\resources to target\classes
2023-05-03 12:19:49,447 [Worker-53: Building] INFO  o.a.m.s.f.DefaultMavenResourcesFiltering - skip non existing resourceDirectory C:\Users\158151\OneDrive - Arrow Electronics, Inc\Desktop\Final Project\Backend\food2\Food\src\test\resources
2023-05-03 12:19:54,712 [Worker-55: Building] INFO  o.a.m.s.f.DefaultMavenResourcesFiltering - Copying 1 resource from src\main\resources to target\classes
2023-05-03 12:19:54,755 [Worker-55: Building] INFO  o.a.m.s.f.DefaultMavenResourcesFiltering - Copying 0 resource from src\main\resources to target\classes
2023-05-03 12:19:54,760 [Worker-55: Building] INFO  o.a.m.s.f.DefaultMavenResourcesFiltering - skip non existing resourceDirectory C:\Users\158151\OneDrive - Arrow Electronics, Inc\Desktop\Final Project\Backend\food2\Food\src\test\resources
2023-05-03 12:20:09,858 [Worker-59: Building] INFO  o.a.m.s.f.DefaultMavenResourcesFiltering - Copying 1 resource from src\main\resources to target\classes
2023-05-03 12:20:09,864 [Worker-59: Building] INFO  o.a.m.s.f.DefaultMavenResourcesFiltering - Copying 0 resource from src\main\resources to target\classes
2023-05-03 12:20:09,866 [Worker-59: Building] INFO  o.a.m.s.f.DefaultMavenResourcesFiltering - skip non existing resourceDirectory C:\Users\158151\OneDrive - Arrow Electronics, Inc\Desktop\Final Project\Backend\food2\Food\src\test\resources
2023-05-03 12:38:23,969 [Worker-64: Building] INFO  o.a.m.s.f.DefaultMavenResourcesFiltering - Copying 1 resource from src\main\resources to target\classes
2023-05-03 12:38:23,984 [Worker-64: Building] INFO  o.a.m.s.f.DefaultMavenResourcesFiltering - Copying 0 resource from src\main\resources to target\classes
2023-05-03 12:38:23,988 [Worker-64: Building] INFO  o.a.m.s.f.DefaultMavenResourcesFiltering - skip non existing resourceDirectory C:\Users\158151\OneDrive - Arrow Electronics, Inc\Desktop\Final Project\Backend\food2\Food\src\test\resources
2023-05-03 12:41:53,678 [Worker-67: Building] INFO  o.a.m.s.f.DefaultMavenResourcesFiltering - Copying 1 resource from src\main\resources to target\classes
2023-05-03 12:41:53,687 [Worker-67: Building] INFO  o.a.m.s.f.DefaultMavenResourcesFiltering - Copying 0 resource from src\main\resources to target\classes
2023-05-03 12:41:53,689 [Worker-67: Building] INFO  o.a.m.s.f.DefaultMavenResourcesFiltering - skip non existing resourceDirectory C:\Users\158151\OneDrive - Arrow Electronics, Inc\Desktop\Final Project\Backend\food2\Food\src\test\resources
2023-05-03 12:42:39,819 [Worker-68: Building] INFO  o.a.m.s.f.DefaultMavenResourcesFiltering - Copying 1 resource from src\main\resources to target\classes
2023-05-03 12:42:39,832 [Worker-68: Building] INFO  o.a.m.s.f.DefaultMavenResourcesFiltering - Copying 0 resource from src\main\resources to target\classes
2023-05-03 12:42:39,834 [Worker-68: Building] INFO  o.a.m.s.f.DefaultMavenResourcesFiltering - skip non existing resourceDirectory C:\Users\158151\OneDrive - Arrow Electronics, Inc\Desktop\Final Project\Backend\food2\Food\src\test\resources
2023-05-03 12:45:54,825 [Worker-69: Building] INFO  o.a.m.s.f.DefaultMavenResourcesFiltering - Copying 1 resource from src\main\resources to target\classes
2023-05-03 12:45:54,830 [Worker-69: Building] INFO  o.a.m.s.f.DefaultMavenResourcesFiltering - Copying 0 resource from src\main\resources to target\classes
2023-05-03 12:45:54,832 [Worker-69: Building] INFO  o.a.m.s.f.DefaultMavenResourcesFiltering - skip non existing resourceDirectory C:\Users\158151\OneDrive - Arrow Electronics, Inc\Desktop\Final Project\Backend\food2\Food\src\test\resources
2023-05-03 12:45:55,851 [Worker-72: Building] INFO  o.a.m.s.f.DefaultMavenResourcesFiltering - Copying 1 resource from src\main\resources to target\classes
2023-05-03 12:45:55,861 [Worker-72: Building] INFO  o.a.m.s.f.DefaultMavenResourcesFiltering - Copying 0 resource from src\main\resources to target\classes
2023-05-03 12:45:55,863 [Worker-72: Building] INFO  o.a.m.s.f.DefaultMavenResourcesFiltering - skip non existing resourceDirectory C:\Users\158151\OneDrive - Arrow Electronics, Inc\Desktop\Final Project\Backend\food2\Food\src\test\resources
2023-05-03 12:53:32,367 [Worker-75: Building] INFO  o.a.m.s.f.DefaultMavenResourcesFiltering - Copying 1 resource from src\main\resources to target\classes
2023-05-03 12:53:32,412 [Worker-75: Building] INFO  o.a.m.s.f.DefaultMavenResourcesFiltering - Copying 0 resource from src\main\resources to target\classes
2023-05-03 12:53:32,416 [Worker-75: Building] INFO  o.a.m.s.f.DefaultMavenResourcesFiltering - skip non existing resourceDirectory C:\Users\158151\OneDrive - Arrow Electronics, Inc\Desktop\Final Project\Backend\food2\Food\src\test\resources
2023-05-03 12:55:06,211 [Worker-32: Building] INFO  o.a.m.s.f.DefaultMavenResourcesFiltering - Copying 1 resource from src\main\resources to target\classes
2023-05-03 12:55:06,252 [Worker-32: Building] INFO  o.a.m.s.f.DefaultMavenResourcesFiltering - Copying 0 resource from src\main\resources to target\classes
2023-05-03 12:55:06,256 [Worker-32: Building] INFO  o.a.m.s.f.DefaultMavenResourcesFiltering - skip non existing resourceDirectory C:\Users\158151\OneDrive - Arrow Electronics, Inc\Desktop\Final Project\Backend\food2\Food\src\test\resources
2023-05-03 13:47:40,829 [Worker-80: Building] INFO  o.a.m.s.f.DefaultMavenResourcesFiltering - Copying 1 resource from src\main\resources to target\classes
2023-05-03 13:47:40,851 [Worker-80: Building] INFO  o.a.m.s.f.DefaultMavenResourcesFiltering - Copying 0 resource from src\main\resources to target\classes
2023-05-03 13:47:40,854 [Worker-80: Building] INFO  o.a.m.s.f.DefaultMavenResourcesFiltering - skip non existing resourceDirectory C:\Users\158151\OneDrive - Arrow Electronics, Inc\Desktop\Final Project\Backend\food2\Food\src\test\resources
2023-05-03 13:48:37,986 [Worker-80: Building] INFO  o.a.m.s.f.DefaultMavenResourcesFiltering - Copying 1 resource from src\main\resources to target\classes
2023-05-03 13:48:37,998 [Worker-80: Building] INFO  o.a.m.s.f.DefaultMavenResourcesFiltering - Copying 0 resource from src\main\resources to target\classes
2023-05-03 13:48:38,001 [Worker-80: Building] INFO  o.a.m.s.f.DefaultMavenResourcesFiltering - skip non existing resourceDirectory C:\Users\158151\OneDrive - Arrow Electronics, Inc\Desktop\Final Project\Backend\food2\Food\src\test\resources
2023-05-03 13:57:08,187 [Worker-69: Building] INFO  o.a.m.s.f.DefaultMavenResourcesFiltering - Copying 1 resource from src\main\resources to target\classes
2023-05-03 13:57:08,206 [Worker-69: Building] INFO  o.a.m.s.f.DefaultMavenResourcesFiltering - Copying 0 resource from src\main\resources to target\classes
2023-05-03 13:57:08,208 [Worker-69: Building] INFO  o.a.m.s.f.DefaultMavenResourcesFiltering - skip non existing resourceDirectory C:\Users\158151\OneDrive - Arrow Electronics, Inc\Desktop\Final Project\Backend\food2\Food\src\test\resources
2023-05-03 13:59:19,573 [Worker-84: Building] INFO  o.a.m.s.f.DefaultMavenResourcesFiltering - Copying 1 resource from src\main\resources to target\classes
2023-05-03 13:59:19,577 [Worker-84: Building] INFO  o.a.m.s.f.DefaultMavenResourcesFiltering - Copying 0 resource from src\main\resources to target\classes
2023-05-03 13:59:19,582 [Worker-84: Building] INFO  o.a.m.s.f.DefaultMavenResourcesFiltering - skip non existing resourceDirectory C:\Users\158151\OneDrive - Arrow Electronics, Inc\Desktop\Final Project\Backend\food2\Food\src\test\resources
2023-05-03 14:00:07,874 [Worker-86: Building] INFO  o.a.m.s.f.DefaultMavenResourcesFiltering - Copying 1 resource from src\main\resources to target\classes
2023-05-03 14:00:07,879 [Worker-86: Building] INFO  o.a.m.s.f.DefaultMavenResourcesFiltering - Copying 0 resource from src\main\resources to target\classes
2023-05-03 14:00:07,882 [Worker-86: Building] INFO  o.a.m.s.f.DefaultMavenResourcesFiltering - skip non existing resourceDirectory C:\Users\158151\OneDrive - Arrow Electronics, Inc\Desktop\Final Project\Backend\food2\Food\src\test\resources
2023-05-03 14:01:40,312 [Worker-69: Building] INFO  o.a.m.s.f.DefaultMavenResourcesFiltering - Copying 1 resource from src\main\resources to target\classes
2023-05-03 14:01:40,319 [Worker-69: Building] INFO  o.a.m.s.f.DefaultMavenResourcesFiltering - Copying 0 resource from src\main\resources to target\classes
2023-05-03 14:01:40,322 [Worker-69: Building] INFO  o.a.m.s.f.DefaultMavenResourcesFiltering - skip non existing resourceDirectory C:\Users\158151\OneDrive - Arrow Electronics, Inc\Desktop\Final Project\Backend\food2\Food\src\test\resources
2023-05-03 14:01:47,437 [Worker-85: Launching Executing test in C__Users_158151_OneDrive - Arrow Electronics, Inc_Desktop_Final Project_Backend_food2_Food] INFO  o.e.m.i.launch.MavenLaunchDelegate - Run build in "C:\Users\158151\OneDrive - Arrow Electronics, Inc\Desktop\Final Project\Backend\food2\Food":
2023-05-03 14:01:47,438 [Worker-85: Launching Executing test in C__Users_158151_OneDrive - Arrow Electronics, Inc_Desktop_Final Project_Backend_food2_Food] INFO  o.e.m.i.launch.MavenLaunchDelegate -  mvn  -Ppom.xml -B -Dstyle.color=always test
2023-05-03 14:06:57,723 [Worker-89: Building] INFO  o.a.m.s.f.DefaultMavenResourcesFiltering - Copying 1 resource from src\main\resources to target\classes
2023-05-03 14:06:57,739 [Worker-89: Building] INFO  o.a.m.s.f.DefaultMavenResourcesFiltering - Copying 0 resource from src\main\resources to target\classes
2023-05-03 14:06:57,741 [Worker-89: Building] INFO  o.a.m.s.f.DefaultMavenResourcesFiltering - skip non existing resourceDirectory C:\Users\158151\OneDrive - Arrow Electronics, Inc\Desktop\Final Project\Backend\food2\Food\src\test\resources
2023-05-03 14:06:58,765 [Worker-32: Building] INFO  o.a.m.s.f.DefaultMavenResourcesFiltering - Copying 1 resource from src\main\resources to target\classes
2023-05-03 14:06:58,775 [Worker-32: Building] INFO  o.a.m.s.f.DefaultMavenResourcesFiltering - Copying 0 resource from src\main\resources to target\classes
2023-05-03 14:06:58,777 [Worker-32: Building] INFO  o.a.m.s.f.DefaultMavenResourcesFiltering - skip non existing resourceDirectory C:\Users\158151\OneDrive - Arrow Electronics, Inc\Desktop\Final Project\Backend\food2\Food\src\test\resources
2023-05-03 14:08:05,459 [Worker-86: Building] INFO  o.a.m.s.f.DefaultMavenResourcesFiltering - Copying 1 resource from src\main\resources to target\classes
2023-05-03 14:08:05,473 [Worker-86: Building] INFO  o.a.m.s.f.DefaultMavenResourcesFiltering - Copying 0 resource from src\main\resources to target\classes
2023-05-03 14:08:05,479 [Worker-86: Building] INFO  o.a.m.s.f.DefaultMavenResourcesFiltering - skip non existing resourceDirectory C:\Users\158151\OneDrive - Arrow Electronics, Inc\Desktop\Final Project\Backend\food2\Food\src\test\resources
2023-05-03 14:08:06,535 [Worker-92: Building] INFO  o.a.m.s.f.DefaultMavenResourcesFiltering - Copying 1 resource from src\main\resources to target\classes
2023-05-03 14:08:06,546 [Worker-92: Building] INFO  o.a.m.s.f.DefaultMavenResourcesFiltering - Copying 0 resource from src\main\resources to target\classes
2023-05-03 14:08:06,548 [Worker-92: Building] INFO  o.a.m.s.f.DefaultMavenResourcesFiltering - skip non existing resourceDirectory C:\Users\158151\OneDrive - Arrow Electronics, Inc\Desktop\Final Project\Backend\food2\Food\src\test\resources
2023-05-03 14:11:50,767 [Worker-94: Building] INFO  o.a.m.s.f.DefaultMavenResourcesFiltering - Copying 1 resource from src\main\resources to target\classes
2023-05-03 14:11:50,772 [Worker-94: Building] INFO  o.a.m.s.f.DefaultMavenResourcesFiltering - Copying 0 resource from src\main\resources to target\classes
2023-05-03 14:11:50,774 [Worker-94: Building] INFO  o.a.m.s.f.DefaultMavenResourcesFiltering - skip non existing resourceDirectory C:\Users\158151\OneDrive - Arrow Electronics, Inc\Desktop\Final Project\Backend\food2\Food\src\test\resources
2023-05-03 14:12:17,850 [Worker-32: Building] INFO  o.a.m.s.f.DefaultMavenResourcesFiltering - Copying 1 resource from src\main\resources to target\classes
2023-05-03 14:12:17,854 [Worker-32: Building] INFO  o.a.m.s.f.DefaultMavenResourcesFiltering - Copying 0 resource from src\main\resources to target\classes
2023-05-03 14:12:17,856 [Worker-32: Building] INFO  o.a.m.s.f.DefaultMavenResourcesFiltering - skip non existing resourceDirectory C:\Users\158151\OneDrive - Arrow Electronics, Inc\Desktop\Final Project\Backend\food2\Food\src\test\resources
2023-05-03 14:13:50,648 [Worker-95: Building] INFO  o.a.m.s.f.DefaultMavenResourcesFiltering - Copying 1 resource from src\main\resources to target\classes
2023-05-03 14:13:50,653 [Worker-95: Building] INFO  o.a.m.s.f.DefaultMavenResourcesFiltering - Copying 0 resource from src\main\resources to target\classes
2023-05-03 14:13:50,658 [Worker-95: Building] INFO  o.a.m.s.f.DefaultMavenResourcesFiltering - skip non existing resourceDirectory C:\Users\158151\OneDrive - Arrow Electronics, Inc\Desktop\Final Project\Backend\food2\Food\src\test\resources
2023-05-03 14:23:57,405 [Worker-96: Building] INFO  o.a.m.s.f.DefaultMavenResourcesFiltering - Copying 1 resource from src\main\resources to target\classes
2023-05-03 14:23:57,418 [Worker-96: Building] INFO  o.a.m.s.f.DefaultMavenResourcesFiltering - Copying 0 resource from src\main\resources to target\classes
2023-05-03 14:23:57,421 [Worker-96: Building] INFO  o.a.m.s.f.DefaultMavenResourcesFiltering - skip non existing resourceDirectory C:\Users\158151\OneDrive - Arrow Electronics, Inc\Desktop\Final Project\Backend\food2\Food\src\test\resources
2023-05-03 14:24:26,019 [Worker-102: Building] INFO  o.a.m.s.f.DefaultMavenResourcesFiltering - Copying 1 resource from src\main\resources to target\classes
2023-05-03 14:24:26,024 [Worker-102: Building] INFO  o.a.m.s.f.DefaultMavenResourcesFiltering - Copying 0 resource from src\main\resources to target\classes
2023-05-03 14:24:26,026 [Worker-102: Building] INFO  o.a.m.s.f.DefaultMavenResourcesFiltering - skip non existing resourceDirectory C:\Users\158151\OneDrive - Arrow Electronics, Inc\Desktop\Final Project\Backend\food2\Food\src\test\resources
2023-05-03 14:26:55,583 [Worker-106: Building] INFO  o.a.m.s.f.DefaultMavenResourcesFiltering - Copying 1 resource from src\main\resources to target\classes
2023-05-03 14:26:55,589 [Worker-106: Building] INFO  o.a.m.s.f.DefaultMavenResourcesFiltering - Copying 0 resource from src\main\resources to target\classes
2023-05-03 14:26:55,592 [Worker-106: Building] INFO  o.a.m.s.f.DefaultMavenResourcesFiltering - skip non existing resourceDirectory C:\Users\158151\OneDrive - Arrow Electronics, Inc\Desktop\Final Project\Backend\food2\Food\src\test\resources
2023-05-03 14:27:02,025 [Worker-110: Building] INFO  o.a.m.s.f.DefaultMavenResourcesFiltering - Copying 1 resource from src\main\resources to target\classes
2023-05-03 14:27:02,030 [Worker-110: Building] INFO  o.a.m.s.f.DefaultMavenResourcesFiltering - Copying 0 resource from src\main\resources to target\classes
2023-05-03 14:27:02,034 [Worker-110: Building] INFO  o.a.m.s.f.DefaultMavenResourcesFiltering - skip non existing resourceDirectory C:\Users\158151\OneDrive - Arrow Electronics, Inc\Desktop\Final Project\Backend\food2\Food\src\test\resources
